<?xml version="1.0" encoding="UTF-8" ?>

<testsuite failures="0" time="1.39" errors="0" skipped="0" tests="5" name="BasicTest">
  <testcase classname="BasicTest" name="createAndRetrieveUser" time="0.612">
      </testcase>
  <testcase classname="BasicTest" name="createPost" time="0.515">
      </testcase>
  <testcase classname="BasicTest" name="useTheCommentsRelation" time="0.218">
      </testcase>
  <testcase classname="BasicTest" name="postComments" time="0.027">
      </testcase>
  <testcase classname="BasicTest" name="tryConnectAsUser" time="0.018">
      </testcase>
</testsuite>
